<?xml version="1.0" encoding="UTF-8"?>
<testng-results ignored="0" total="1" passed="1" failed="0" skipped="0">
  <reporter-output>
  </reporter-output>
  <suite started-at="2024-09-09T22:57:11 IST" name="Default suite" finished-at="2024-09-09T22:57:11 IST" duration-ms="122">
    <groups>
    </groups>
    <test started-at="2024-09-09T22:57:11 IST" name="Default test" finished-at="2024-09-09T22:57:11 IST" duration-ms="122">
      <class name="manju.ReadDataFromCmdLIne">
        <test-method signature="m1()[pri:0, instance:manju.ReadDataFromCmdLIne@f0c8a99]" started-at="2024-09-09T22:57:11 IST" name="m1" finished-at="2024-09-09T22:57:11 IST" duration-ms="13" status="PASS">
          <reporter-output>
          </reporter-output>
        </test-method> <!-- m1 -->
      </class> <!-- manju.ReadDataFromCmdLIne -->
    </test> <!-- Default test -->
  </suite> <!-- Default suite -->
</testng-results>
